c:\users\naveen\box sync\uiuc project\cpp\opencv red object detection\opencv red object detection\debug\vc140.pdb
c:\users\naveen\box sync\uiuc project\cpp\opencv red object detection\opencv red object detection\debug\vc140.idb
c:\users\naveen\box sync\uiuc project\cpp\opencv red object detection\opencv red object detection\debug\source.obj
c:\users\naveen\box sync\uiuc project\cpp\opencv color object detection\opencv red object detection\debug\vc140.pdb
c:\users\naveen\box sync\uiuc project\cpp\opencv color object detection\opencv red object detection\debug\vc140.idb
c:\users\naveen\box sync\uiuc project\cpp\opencv color object detection\opencv red object detection\debug\source.obj
c:\users\naveen\box sync\uiuc project\cpp\opencv red object detection\debug\opencv red object detection.ilk
c:\users\naveen\box sync\uiuc project\cpp\opencv red object detection\debug\opencv red object detection.exe
c:\users\naveen\box sync\uiuc project\cpp\opencv red object detection\debug\opencv red object detection.pdb
c:\users\naveen\box sync\uiuc project\cpp\opencv color object detection\debug\opencv red object detection.ilk
c:\users\naveen\box sync\uiuc project\cpp\opencv color object detection\debug\opencv red object detection.exe
c:\users\naveen\box sync\uiuc project\cpp\opencv color object detection\debug\opencv red object detection.pdb
c:\users\naveen\box sync\uiuc project\cpp\opencv camera display demo 4 march 16\opencv red object detection\debug\source.obj
c:\users\naveen\box sync\uiuc project\cpp\opencv camera display demo 4 march 16\opencv red object detection\debug\vc140.idb
c:\users\naveen\box sync\uiuc project\cpp\opencv camera display demo 4 march 16\opencv red object detection\debug\vc140.pdb
c:\users\naveen\box sync\uiuc project\cpp\opencv camera display demo 4 march 16\debug\opencv red object detection.pdb
c:\users\naveen\box sync\uiuc project\cpp\opencv camera display demo 4 march 16\debug\opencv red object detection.exe
c:\users\naveen\box sync\uiuc project\cpp\opencv camera display demo 4 march 16\debug\opencv red object detection.ilk
c:\users\naveen\box sync\uiuc project\cpp\opencv camera display demo 4 march 16\opencv red object detection\debug\opencv r.49a79e32.tlog\cl.command.1.tlog
c:\users\naveen\box sync\uiuc project\cpp\opencv camera display demo 4 march 16\opencv red object detection\debug\opencv r.49a79e32.tlog\cl.read.1.tlog
c:\users\naveen\box sync\uiuc project\cpp\opencv camera display demo 4 march 16\opencv red object detection\debug\opencv r.49a79e32.tlog\cl.write.1.tlog
c:\users\naveen\box sync\uiuc project\cpp\opencv camera display demo 4 march 16\opencv red object detection\debug\opencv r.49a79e32.tlog\link.command.1.tlog
c:\users\naveen\box sync\uiuc project\cpp\opencv camera display demo 4 march 16\opencv red object detection\debug\opencv r.49a79e32.tlog\link.read.1.tlog
c:\users\naveen\box sync\uiuc project\cpp\opencv camera display demo 4 march 16\opencv red object detection\debug\opencv r.49a79e32.tlog\link.write.1.tlog
